{"contracts/ERC2981ContractWideRoyalties.sol":{"l":{"22":0,"29":46,"30":46,"31":46,"41":2},"path":"/Users/ryan/Desktop/programming/NFTMemeMachine/polygon-nfts/contracts/ERC2981ContractWideRoyalties.sol","s":{"1":0,"2":46,"3":46,"4":46,"5":2},"b":{"1":[46,0]},"f":{"1":0,"2":46,"3":2},"fnMap":{"1":{"name":"supportsInterface","line":15,"loc":{"start":{"line":15,"column":4},"end":{"line":23,"column":4}}},"2":{"name":"_setRoyalties","line":28,"loc":{"start":{"line":28,"column":4},"end":{"line":32,"column":4}}},"3":{"name":"royaltyInfo","line":35,"loc":{"start":{"line":35,"column":4},"end":{"line":42,"column":4}}}},"statementMap":{"1":{"start":{"line":22,"column":8},"end":{"line":22,"column":65}},"2":{"start":{"line":29,"column":8},"end":{"line":29,"column":60}},"3":{"start":{"line":30,"column":8},"end":{"line":30,"column":38}},"4":{"start":{"line":31,"column":8},"end":{"line":31,"column":30}},"5":{"start":{"line":41,"column":8},"end":{"line":41,"column":76}}},"branchMap":{"1":{"line":29,"type":"if","locations":[{"start":{"line":29,"column":8},"end":{"line":29,"column":8}},{"start":{"line":29,"column":8},"end":{"line":29,"column":8}}]}}},"contracts/IERC2981Royalties.sol":{"l":{},"path":"/Users/ryan/Desktop/programming/NFTMemeMachine/polygon-nfts/contracts/IERC2981Royalties.sol","s":{},"b":{},"f":{},"fnMap":{},"statementMap":{},"branchMap":{}},"contracts/NFTMemeMachine.sol":{"l":{"47":4,"48":4,"53":1,"54":1,"59":31,"60":31,"61":58,"63":31,"68":14,"73":2,"74":2,"80":2,"86":16,"88":15,"90":15,"92":14,"94":12,"95":11,"97":11,"99":11,"101":11,"103":11,"105":11,"107":11,"109":11,"111":11,"113":11,"115":11,"120":6,"121":5,"122":4,"124":1,"126":5,"131":0,"132":0,"137":1,"143":1,"148":0,"153":0,"158":1,"159":1,"164":1,"165":1,"170":5,"175":5,"180":5,"185":5,"186":5,"187":5,"188":5,"189":5,"193":45,"194":45,"195":45,"196":45,"200":45,"201":45,"202":45,"203":45,"204":45,"205":45,"209":0,"213":0,"217":11,"218":11,"226":11,"235":0,"244":7,"248":0},"path":"/Users/ryan/Desktop/programming/NFTMemeMachine/polygon-nfts/contracts/NFTMemeMachine.sol","s":{"1":4,"2":4,"3":1,"4":1,"5":31,"6":31,"7":58,"8":31,"9":14,"10":2,"11":2,"12":2,"13":16,"14":15,"15":15,"16":14,"17":12,"18":11,"19":11,"20":11,"21":11,"22":11,"23":11,"24":11,"25":11,"26":11,"27":11,"28":11,"29":6,"30":5,"31":4,"32":1,"33":5,"34":0,"35":0,"36":1,"37":1,"38":0,"39":0,"40":1,"41":1,"42":1,"43":1,"44":5,"45":5,"46":5,"47":5,"48":5,"49":5,"50":5,"51":5,"52":45,"53":45,"54":45,"55":45,"56":45,"57":45,"58":45,"59":45,"60":45,"61":45,"62":0,"63":0,"64":11,"65":11,"66":11,"67":0,"68":7,"69":0},"b":{"1":[15,1],"2":[14,1],"3":[12,2],"4":[11,1],"5":[5,1],"6":[4,1]},"f":{"1":4,"2":1,"3":31,"4":14,"5":2,"6":2,"7":16,"8":6,"9":0,"10":1,"11":1,"12":0,"13":0,"14":1,"15":1,"16":5,"17":5,"18":5,"19":5,"20":45,"21":45,"22":0,"23":0,"24":11,"25":11,"26":0,"27":7,"28":0},"fnMap":{"1":{"name":"updateCreationCooldownTime","line":46,"loc":{"start":{"line":46,"column":4},"end":{"line":49,"column":4}}},"2":{"name":"updateVotingCooldownTime","line":52,"loc":{"start":{"line":52,"column":4},"end":{"line":55,"column":4}}},"3":{"name":"_hashContent","line":58,"loc":{"start":{"line":58,"column":4},"end":{"line":64,"column":4}}},"4":{"name":"addWhitelistedMemeURI","line":67,"loc":{"start":{"line":67,"column":4},"end":{"line":69,"column":4}}},"5":{"name":"isOriginalMeme","line":72,"loc":{"start":{"line":72,"column":4},"end":{"line":75,"column":4}}},"6":{"name":"verifyOriginalImage","line":79,"loc":{"start":{"line":79,"column":4},"end":{"line":81,"column":4}}},"7":{"name":"createMeme","line":84,"loc":{"start":{"line":84,"column":4},"end":{"line":116,"column":4}}},"8":{"name":"voteOnMeme","line":119,"loc":{"start":{"line":119,"column":4},"end":{"line":127,"column":4}}},"9":{"name":"withdraw","line":130,"loc":{"start":{"line":130,"column":4},"end":{"line":133,"column":4}}},"10":{"name":"updateRoyalties","line":136,"loc":{"start":{"line":136,"column":4},"end":{"line":138,"column":4}}},"11":{"name":"getCreationCooldownTime","line":142,"loc":{"start":{"line":142,"column":4},"end":{"line":144,"column":4}}},"12":{"name":"getVoteCooldownTime","line":147,"loc":{"start":{"line":147,"column":4},"end":{"line":149,"column":4}}},"13":{"name":"getCooldownTime","line":152,"loc":{"start":{"line":152,"column":4},"end":{"line":154,"column":4}}},"14":{"name":"getMemeWithHash","line":157,"loc":{"start":{"line":157,"column":4},"end":{"line":160,"column":4}}},"15":{"name":"getMemeWithImageHash","line":163,"loc":{"start":{"line":163,"column":4},"end":{"line":166,"column":4}}},"16":{"name":"getMemeHash","line":169,"loc":{"start":{"line":169,"column":4},"end":{"line":171,"column":4}}},"17":{"name":"getMemeImgHash","line":174,"loc":{"start":{"line":174,"column":4},"end":{"line":176,"column":4}}},"18":{"name":"getMemeScore","line":179,"loc":{"start":{"line":179,"column":4},"end":{"line":181,"column":4}}},"19":{"name":"getMeme","line":184,"loc":{"start":{"line":184,"column":4},"end":{"line":190,"column":4}}},"20":{"name":"customInitialize","line":192,"loc":{"start":{"line":192,"column":4},"end":{"line":197,"column":4}}},"21":{"name":"initialize","line":199,"loc":{"start":{"line":199,"column":4},"end":{"line":206,"column":4}}},"22":{"name":"pause","line":208,"loc":{"start":{"line":208,"column":4},"end":{"line":210,"column":4}}},"23":{"name":"unpause","line":212,"loc":{"start":{"line":212,"column":4},"end":{"line":214,"column":4}}},"24":{"name":"safeMint","line":216,"loc":{"start":{"line":216,"column":4},"end":{"line":219,"column":4}}},"25":{"name":"_beforeTokenTransfer","line":223,"loc":{"start":{"line":221,"column":4},"end":{"line":227,"column":4}}},"26":{"name":"_burn","line":231,"loc":{"start":{"line":231,"column":4},"end":{"line":236,"column":4}}},"27":{"name":"tokenURI","line":238,"loc":{"start":{"line":238,"column":4},"end":{"line":245,"column":4}}},"28":{"name":"supportsInterface","line":247,"loc":{"start":{"line":247,"column":4},"end":{"line":249,"column":4}}}},"statementMap":{"1":{"start":{"line":47,"column":8},"end":{"line":47,"column":38}},"2":{"start":{"line":48,"column":8},"end":{"line":48,"column":58}},"3":{"start":{"line":53,"column":8},"end":{"line":53,"column":44}},"4":{"start":{"line":54,"column":8},"end":{"line":54,"column":56}},"5":{"start":{"line":59,"column":8},"end":{"line":59,"column":34}},"6":{"start":{"line":60,"column":8},"end":{"line":60,"column":2919}},"7":{"start":{"line":61,"column":12},"end":{"line":61,"column":63}},"8":{"start":{"line":63,"column":8},"end":{"line":63,"column":58}},"9":{"start":{"line":68,"column":8},"end":{"line":68,"column":57}},"10":{"start":{"line":73,"column":8},"end":{"line":73,"column":66}},"11":{"start":{"line":74,"column":8},"end":{"line":74,"column":36}},"12":{"start":{"line":80,"column":8},"end":{"line":80,"column":48}},"13":{"start":{"line":86,"column":8},"end":{"line":86,"column":77}},"14":{"start":{"line":88,"column":8},"end":{"line":88,"column":59}},"15":{"start":{"line":90,"column":8},"end":{"line":90,"column":61}},"16":{"start":{"line":92,"column":8},"end":{"line":92,"column":68}},"17":{"start":{"line":94,"column":8},"end":{"line":94,"column":67}},"18":{"start":{"line":95,"column":8},"end":{"line":95,"column":51}},"19":{"start":{"line":97,"column":8},"end":{"line":97,"column":40}},"20":{"start":{"line":99,"column":8},"end":{"line":99,"column":40}},"21":{"start":{"line":101,"column":8},"end":{"line":101,"column":42}},"22":{"start":{"line":103,"column":8},"end":{"line":103,"column":42}},"23":{"start":{"line":105,"column":8},"end":{"line":105,"column":64}},"24":{"start":{"line":107,"column":8},"end":{"line":107,"column":32}},"25":{"start":{"line":109,"column":8},"end":{"line":109,"column":27}},"26":{"start":{"line":111,"column":8},"end":{"line":111,"column":37}},"27":{"start":{"line":113,"column":8},"end":{"line":113,"column":26}},"28":{"start":{"line":115,"column":8},"end":{"line":115,"column":54}},"29":{"start":{"line":120,"column":8},"end":{"line":120,"column":86}},"30":{"start":{"line":121,"column":8},"end":{"line":121,"column":5630}},"31":{"start":{"line":122,"column":12},"end":{"line":122,"column":57}},"32":{"start":{"line":124,"column":12},"end":{"line":124,"column":57}},"33":{"start":{"line":126,"column":8},"end":{"line":126,"column":72}},"34":{"start":{"line":131,"column":8},"end":{"line":131,"column":32}},"35":{"start":{"line":132,"column":8},"end":{"line":132,"column":54}},"36":{"start":{"line":137,"column":8},"end":{"line":137,"column":44}},"37":{"start":{"line":143,"column":8},"end":{"line":143,"column":27}},"38":{"start":{"line":148,"column":8},"end":{"line":148,"column":41}},"39":{"start":{"line":153,"column":8},"end":{"line":153,"column":39}},"40":{"start":{"line":158,"column":8},"end":{"line":158,"column":43}},"41":{"start":{"line":159,"column":8},"end":{"line":159,"column":41}},"42":{"start":{"line":164,"column":8},"end":{"line":164,"column":45}},"43":{"start":{"line":165,"column":8},"end":{"line":165,"column":41}},"44":{"start":{"line":170,"column":8},"end":{"line":170,"column":35}},"45":{"start":{"line":175,"column":8},"end":{"line":175,"column":38}},"46":{"start":{"line":180,"column":8},"end":{"line":180,"column":34}},"47":{"start":{"line":185,"column":8},"end":{"line":185,"column":47}},"48":{"start":{"line":186,"column":8},"end":{"line":186,"column":49}},"49":{"start":{"line":187,"column":8},"end":{"line":187,"column":42}},"50":{"start":{"line":188,"column":8},"end":{"line":188,"column":45}},"51":{"start":{"line":189,"column":8},"end":{"line":189,"column":46}},"52":{"start":{"line":193,"column":8},"end":{"line":193,"column":31}},"53":{"start":{"line":194,"column":8},"end":{"line":194,"column":38}},"54":{"start":{"line":195,"column":8},"end":{"line":195,"column":70}},"55":{"start":{"line":196,"column":8},"end":{"line":196,"column":34}},"56":{"start":{"line":200,"column":8},"end":{"line":200,"column":46}},"57":{"start":{"line":201,"column":8},"end":{"line":201,"column":32}},"58":{"start":{"line":202,"column":8},"end":{"line":202,"column":24}},"59":{"start":{"line":203,"column":8},"end":{"line":203,"column":23}},"60":{"start":{"line":204,"column":8},"end":{"line":204,"column":30}},"61":{"start":{"line":205,"column":8},"end":{"line":205,"column":25}},"62":{"start":{"line":209,"column":8},"end":{"line":209,"column":15}},"63":{"start":{"line":213,"column":8},"end":{"line":213,"column":17}},"64":{"start":{"line":217,"column":8},"end":{"line":217,"column":47}},"65":{"start":{"line":218,"column":8},"end":{"line":218,"column":34}},"66":{"start":{"line":226,"column":8},"end":{"line":226,"column":52}},"67":{"start":{"line":235,"column":8},"end":{"line":235,"column":27}},"68":{"start":{"line":244,"column":8},"end":{"line":244,"column":38}},"69":{"start":{"line":248,"column":8},"end":{"line":248,"column":51}}},"branchMap":{"1":{"line":86,"type":"if","locations":[{"start":{"line":86,"column":8},"end":{"line":86,"column":8}},{"start":{"line":86,"column":8},"end":{"line":86,"column":8}}]},"2":{"line":90,"type":"if","locations":[{"start":{"line":90,"column":8},"end":{"line":90,"column":8}},{"start":{"line":90,"column":8},"end":{"line":90,"column":8}}]},"3":{"line":92,"type":"if","locations":[{"start":{"line":92,"column":8},"end":{"line":92,"column":8}},{"start":{"line":92,"column":8},"end":{"line":92,"column":8}}]},"4":{"line":94,"type":"if","locations":[{"start":{"line":94,"column":8},"end":{"line":94,"column":8}},{"start":{"line":94,"column":8},"end":{"line":94,"column":8}}]},"5":{"line":120,"type":"if","locations":[{"start":{"line":120,"column":8},"end":{"line":120,"column":8}},{"start":{"line":120,"column":8},"end":{"line":120,"column":8}}]},"6":{"line":121,"type":"if","locations":[{"start":{"line":121,"column":8},"end":{"line":121,"column":8}},{"start":{"line":121,"column":8},"end":{"line":121,"column":8}}]}}}}