{
"contracts/@rarible/royalties/contracts/impl/AbstractRoyalties.sol":{"l":{"7":46,"8":46,"9":46,"10":46,"11":46,"13":46,"16":0,"17":0,"18":0,"19":0},"path":"/Users/ryan/Desktop/programming/NFTMemeMachine/polygon-nfts/contracts/@rarible/royalties/contracts/impl/AbstractRoyalties.sol","s":{"1":46,"2":46,"3":46,"4":46,"5":46,"6":0,"7":0,"8":0,"9":0},"b":{"1":[46,0],"2":[46,0],"3":[0,0]},"f":{"1":46,"2":0},"fnMap":{"1":{"name":"_saveRoyalties","line":6,"loc":{"start":{"line":6,"column":4},"end":{"line":14,"column":4}}},"2":{"name":"_updateAccount","line":15,"loc":{"start":{"line":15,"column":4},"end":{"line":22,"column":4}}}},"statementMap":{"1":{"start":{"line":7,"column":8},"end":{"line":7,"column":280}},"2":{"start":{"line":8,"column":12},"end":{"line":8,"column":88}},"3":{"start":{"line":9,"column":12},"end":{"line":9,"column":80}},"4":{"start":{"line":11,"column":12},"end":{"line":11,"column":45}},"5":{"start":{"line":13,"column":8},"end":{"line":13,"column":39}},"6":{"start":{"line":16,"column":8},"end":{"line":16,"column":43}},"7":{"start":{"line":17,"column":8},"end":{"line":17,"column":775}},"8":{"start":{"line":18,"column":12},"end":{"line":18,"column":826}},"9":{"start":{"line":19,"column":16},"end":{"line":19,"column":73}}},"branchMap":{"1":{"line":8,"type":"if","locations":[{"start":{"line":8,"column":12},"end":{"line":8,"column":12}},{"start":{"line":8,"column":12},"end":{"line":8,"column":12}}]},"2":{"line":9,"type":"if","locations":[{"start":{"line":9,"column":12},"end":{"line":9,"column":12}},{"start":{"line":9,"column":12},"end":{"line":9,"column":12}}]},"3":{"line":18,"type":"if","locations":[{"start":{"line":18,"column":12},"end":{"line":18,"column":12}},{"start":{"line":18,"column":12},"end":{"line":18,"column":12}}]}}},
"contracts/@rarible/royalties/contracts/impl/RoyaltiesV2Impl.sol":{"l":{"7":2,"10":46},"path":"/Users/ryan/Desktop/programming/NFTMemeMachine/polygon-nfts/contracts/@rarible/royalties/contracts/impl/RoyaltiesV2Impl.sol","s":{"1":2,"2":46},"b":{},"f":{"1":2,"2":46},"fnMap":{"1":{"name":"getRaribleV2Royalties","line":6,"loc":{"start":{"line":6,"column":5},"end":{"line":8,"column":5}}},"2":{"name":"_onRoyaltiesSet","line":9,"loc":{"start":{"line":9,"column":6},"end":{"line":11,"column":5}}}},"statementMap":{"1":{"start":{"line":7,"column":9},"end":{"line":7,"column":28}},"2":{"start":{"line":10,"column":9},"end":{"line":10,"column":43}}},"branchMap":{}},
"contracts/@rarible/royalties/contracts/IRoyaltiesProvider.sol":{"l":{},"path":"/Users/ryan/Desktop/programming/NFTMemeMachine/polygon-nfts/contracts/@rarible/royalties/contracts/IRoyaltiesProvider.sol","s":{},"b":{},"f":{},"fnMap":{},"statementMap":{},"branchMap":{}},
"contracts/@rarible/royalties/contracts/LibPart.sol":{"l":{"9":0},"path":"/Users/ryan/Desktop/programming/NFTMemeMachine/polygon-nfts/contracts/@rarible/royalties/contracts/LibPart.sol","s":{"1":0},"b":{},"f":{"1":0},"fnMap":{"1":{"name":"hash","line":8,"loc":{"start":{"line":8,"column":4},"end":{"line":10,"column":4}}}},"statementMap":{"1":{"start":{"line":9,"column":8},"end":{"line":9,"column":74}}},"branchMap":{}},
"contracts/@rarible/royalties/contracts/LibRoyaltiesV2.sol":{"l":{},"path":"/Users/ryan/Desktop/programming/NFTMemeMachine/polygon-nfts/contracts/@rarible/royalties/contracts/LibRoyaltiesV2.sol","s":{},"b":{},"f":{},"fnMap":{},"statementMap":{},"branchMap":{}},
"contracts/@rarible/royalties/contracts/RoyaltiesV2.sol":{"l":{},"path":"/Users/ryan/Desktop/programming/NFTMemeMachine/polygon-nfts/contracts/@rarible/royalties/contracts/RoyaltiesV2.sol","s":{},"b":{},"f":{},"fnMap":{},"statementMap":{},"branchMap":{}},
"contracts/ContentMixin.sol":{"l":{"10":125,"11":0,"12":0,"13":0,"21":125,"23":125},"path":"/Users/ryan/Desktop/programming/NFTMemeMachine/polygon-nfts/contracts/ContentMixin.sol","s":{"1":125,"2":0,"3":0,"4":125,"5":125},"b":{"1":[0,125]},"f":{"1":125},"fnMap":{"1":{"name":"msgSender","line":5,"loc":{"start":{"line":5,"column":4},"end":{"line":24,"column":4}}}},"statementMap":{"1":{"start":{"line":10,"column":8},"end":{"line":10,"column":209}},"2":{"start":{"line":11,"column":12},"end":{"line":11,"column":41}},"3":{"start":{"line":12,"column":12},"end":{"line":12,"column":43}},"4":{"start":{"line":21,"column":12},"end":{"line":21,"column":39}},"5":{"start":{"line":23,"column":8},"end":{"line":23,"column":21}}},"branchMap":{"1":{"line":10,"type":"if","locations":[{"start":{"line":10,"column":8},"end":{"line":10,"column":8}},{"start":{"line":10,"column":8},"end":{"line":10,"column":8}}]}}},
"contracts/DankMinter.sol":{"l":{"88":15,"89":15,"90":15,"95":12,"100":6,"105":1,"110":3,"111":3,"116":15,"117":15,"118":28,"120":15,"125":2,"126":2,"130":0,"131":0,"138":14,"140":13,"142":13,"144":12,"146":12,"148":12,"150":12,"152":12,"154":12,"156":12,"158":12,"160":12,"162":12,"164":12,"166":12,"168":12,"173":0,"174":0,"179":8,"180":8,"181":8,"182":3,"183":3,"184":3,"190":0,"191":0,"196":1,"197":1,"198":1,"199":1,"200":1,"201":1,"202":1,"207":0,"208":0,"209":0,"210":0,"211":0,"212":0,"217":4,"218":4,"219":4,"220":4,"221":3,"222":3,"224":1,"225":0,"227":1,"229":4,"230":4,"235":2,"236":2,"237":2,"238":2,"239":2,"240":2,"241":2,"246":1,"247":1,"248":1,"249":1,"250":1,"251":1,"252":1,"253":1,"259":1,"264":0,"269":0,"270":0,"275":8,"280":8,"285":8,"290":8,"295":8,"296":8,"297":8,"298":8,"299":8,"300":8,"301":8,"302":8,"307":1,"308":1,"309":2,"311":1,"316":1,"317":1,"318":1,"319":3,"320":2,"321":2,"324":1,"325":1,"329":0,"341":124,"352":0,"353":0,"357":0,"362":1,"363":1,"368":46,"369":46,"370":46,"371":46,"375":45,"376":45,"377":45,"378":45,"379":45,"380":45,"381":45,"385":45,"386":45,"387":45,"388":45,"389":45,"390":45,"394":0,"398":0,"402":12,"403":12,"411":12,"412":12,"413":12,"414":12,"416":0,"417":0,"419":0,"420":0,"421":0,"430":0,"439":8,"443":0,"444":0,"446":0},"path":"/Users/ryan/Desktop/programming/NFTMemeMachine/polygon-nfts/contracts/DankMinter.sol","s":{"1":15,"2":15,"3":15,"4":12,"5":6,"6":1,"7":3,"8":3,"9":15,"10":15,"11":28,"12":15,"13":2,"14":2,"15":0,"16":0,"17":14,"18":13,"19":13,"20":12,"21":12,"22":12,"23":12,"24":12,"25":12,"26":12,"27":12,"28":12,"29":12,"30":12,"31":12,"32":12,"33":0,"34":0,"35":8,"36":8,"37":8,"38":3,"39":3,"40":3,"41":0,"42":0,"43":1,"44":1,"45":1,"46":1,"47":1,"48":1,"49":1,"50":0,"51":0,"52":0,"53":0,"54":0,"55":0,"56":4,"57":4,"58":4,"59":4,"60":3,"61":3,"62":1,"63":0,"64":1,"65":4,"66":4,"67":2,"68":2,"69":2,"70":2,"71":2,"72":2,"73":2,"74":1,"75":1,"76":1,"77":1,"78":1,"79":1,"80":1,"81":0,"82":0,"83":0,"84":8,"85":8,"86":8,"87":8,"88":8,"89":8,"90":8,"91":8,"92":8,"93":8,"94":8,"95":8,"96":1,"97":1,"98":2,"99":1,"100":1,"101":1,"102":1,"103":3,"104":2,"105":1,"106":1,"107":0,"108":124,"109":0,"110":0,"111":0,"112":1,"113":1,"114":46,"115":46,"116":46,"117":46,"118":45,"119":45,"120":45,"121":45,"122":45,"123":45,"124":45,"125":45,"126":45,"127":45,"128":45,"129":45,"130":45,"131":0,"132":0,"133":12,"134":12,"135":12,"136":12,"137":12,"138":12,"139":0,"140":0,"141":0,"142":0,"143":0,"144":0,"145":0,"146":8,"147":0,"148":0,"149":0},"b":{"1":[13,1],"2":[12,1],"3":[3,5],"4":[3,1],"5":[0,1],"6":[2,0],"7":[1,0],"8":[2,1],"9":[0,0],"10":[12,0],"11":[0,0],"12":[0,0]},"f":{"1":15,"2":12,"3":6,"4":1,"5":3,"6":15,"7":2,"8":0,"9":14,"10":0,"11":8,"12":0,"13":1,"14":0,"15":4,"16":2,"17":1,"18":1,"19":0,"20":0,"21":8,"22":8,"23":8,"24":8,"25":8,"26":1,"27":1,"28":0,"29":124,"30":0,"31":1,"32":46,"33":45,"34":45,"35":0,"36":0,"37":12,"38":12,"39":0,"40":8,"41":0},"fnMap":{"1":{"name":"setTreeFiddyCoinAddress","line":87,"loc":{"start":{"line":87,"column":4},"end":{"line":91,"column":4}}},"2":{"name":"_mintTreeFiddies","line":94,"loc":{"start":{"line":94,"column":4},"end":{"line":96,"column":4}}},"3":{"name":"_burnTreeFiddies","line":99,"loc":{"start":{"line":99,"column":4},"end":{"line":101,"column":4}}},"4":{"name":"_treeFiddyCoinTransferFrom","line":104,"loc":{"start":{"line":104,"column":4},"end":{"line":106,"column":4}}},"5":{"name":"updateCreationCooldownTime","line":109,"loc":{"start":{"line":109,"column":4},"end":{"line":112,"column":4}}},"6":{"name":"_hashContent","line":115,"loc":{"start":{"line":115,"column":4},"end":{"line":121,"column":4}}},"7":{"name":"isOriginalMeme","line":124,"loc":{"start":{"line":124,"column":4},"end":{"line":127,"column":4}}},"8":{"name":"batchMintMemes","line":129,"loc":{"start":{"line":129,"column":4},"end":{"line":133,"column":4}}},"9":{"name":"createMeme","line":136,"loc":{"start":{"line":136,"column":4},"end":{"line":169,"column":4}}},"10":{"name":"withdraw","line":172,"loc":{"start":{"line":172,"column":4},"end":{"line":175,"column":4}}},"11":{"name":"recalculateDankness","line":178,"loc":{"start":{"line":178,"column":4},"end":{"line":186,"column":4}}},"12":{"name":"tossACoin","line":189,"loc":{"start":{"line":189,"column":4},"end":{"line":192,"column":4}}},"13":{"name":"tipCreator","line":195,"loc":{"start":{"line":195,"column":4},"end":{"line":203,"column":4}}},"14":{"name":"sacrificeToMeme","line":206,"loc":{"start":{"line":206,"column":4},"end":{"line":213,"column":4}}},"15":{"name":"voteOnMeme","line":216,"loc":{"start":{"line":216,"column":4},"end":{"line":231,"column":4}}},"16":{"name":"addPosting","line":234,"loc":{"start":{"line":234,"column":4},"end":{"line":242,"column":4}}},"17":{"name":"removePosting","line":245,"loc":{"start":{"line":245,"column":4},"end":{"line":254,"column":4}}},"18":{"name":"getCreationCooldownTime","line":258,"loc":{"start":{"line":258,"column":4},"end":{"line":260,"column":4}}},"19":{"name":"notOnMintCooldown","line":263,"loc":{"start":{"line":263,"column":4},"end":{"line":265,"column":4}}},"20":{"name":"getMemeWithHash","line":268,"loc":{"start":{"line":268,"column":4},"end":{"line":271,"column":4}}},"21":{"name":"getMemeHash","line":274,"loc":{"start":{"line":274,"column":4},"end":{"line":276,"column":4}}},"22":{"name":"getMemeExperience","line":279,"loc":{"start":{"line":279,"column":4},"end":{"line":281,"column":4}}},"23":{"name":"getMemeDankness","line":284,"loc":{"start":{"line":284,"column":4},"end":{"line":286,"column":4}}},"24":{"name":"getMemeScore","line":289,"loc":{"start":{"line":289,"column":4},"end":{"line":291,"column":4}}},"25":{"name":"getMeme","line":294,"loc":{"start":{"line":294,"column":4},"end":{"line":303,"column":4}}},"26":{"name":"getMemes","line":306,"loc":{"start":{"line":306,"column":4},"end":{"line":312,"column":4}}},"27":{"name":"getUsersMemes","line":315,"loc":{"start":{"line":315,"column":4},"end":{"line":326,"column":4}}},"28":{"name":"getNumStashedMemes","line":328,"loc":{"start":{"line":328,"column":4},"end":{"line":330,"column":4}}},"29":{"name":"_msgSender","line":335,"loc":{"start":{"line":335,"column":4},"end":{"line":342,"column":4}}},"30":{"name":"isApprovedForAll","line":347,"loc":{"start":{"line":347,"column":4},"end":{"line":358,"column":4}}},"31":{"name":"updateRoyalties","line":361,"loc":{"start":{"line":361,"column":4},"end":{"line":364,"column":4}}},"32":{"name":"setRoyalties","line":367,"loc":{"start":{"line":367,"column":4},"end":{"line":372,"column":4}}},"33":{"name":"customInitialize","line":374,"loc":{"start":{"line":374,"column":4},"end":{"line":382,"column":4}}},"34":{"name":"initialize","line":384,"loc":{"start":{"line":384,"column":4},"end":{"line":391,"column":4}}},"35":{"name":"pause","line":393,"loc":{"start":{"line":393,"column":4},"end":{"line":395,"column":4}}},"36":{"name":"unpause","line":397,"loc":{"start":{"line":397,"column":4},"end":{"line":399,"column":4}}},"37":{"name":"safeMint","line":401,"loc":{"start":{"line":401,"column":4},"end":{"line":404,"column":4}}},"38":{"name":"_beforeTokenTransfer","line":408,"loc":{"start":{"line":406,"column":4},"end":{"line":423,"column":4}}},"39":{"name":"_burn","line":426,"loc":{"start":{"line":426,"column":4},"end":{"line":431,"column":4}}},"40":{"name":"tokenURI","line":433,"loc":{"start":{"line":433,"column":4},"end":{"line":440,"column":4}}},"41":{"name":"supportsInterface","line":442,"loc":{"start":{"line":442,"column":4},"end":{"line":447,"column":4}}}},"statementMap":{"1":{"start":{"line":88,"column":8},"end":{"line":88,"column":43}},"2":{"start":{"line":89,"column":8},"end":{"line":89,"column":43}},"3":{"start":{"line":90,"column":8},"end":{"line":90,"column":58}},"4":{"start":{"line":95,"column":8},"end":{"line":95,"column":27}},"5":{"start":{"line":100,"column":8},"end":{"line":100,"column":43}},"6":{"start":{"line":105,"column":8},"end":{"line":105,"column":48}},"7":{"start":{"line":110,"column":8},"end":{"line":110,"column":38}},"8":{"start":{"line":111,"column":8},"end":{"line":111,"column":58}},"9":{"start":{"line":116,"column":8},"end":{"line":116,"column":34}},"10":{"start":{"line":117,"column":8},"end":{"line":117,"column":4932}},"11":{"start":{"line":118,"column":12},"end":{"line":118,"column":63}},"12":{"start":{"line":120,"column":8},"end":{"line":120,"column":58}},"13":{"start":{"line":125,"column":8},"end":{"line":125,"column":66}},"14":{"start":{"line":126,"column":8},"end":{"line":126,"column":36}},"15":{"start":{"line":130,"column":8},"end":{"line":130,"column":5520}},"16":{"start":{"line":131,"column":12},"end":{"line":131,"column":123}},"17":{"start":{"line":138,"column":8},"end":{"line":138,"column":81}},"18":{"start":{"line":140,"column":8},"end":{"line":140,"column":59}},"19":{"start":{"line":142,"column":8},"end":{"line":142,"column":61}},"20":{"start":{"line":144,"column":8},"end":{"line":144,"column":51}},"21":{"start":{"line":146,"column":8},"end":{"line":146,"column":40}},"22":{"start":{"line":148,"column":8},"end":{"line":148,"column":40}},"23":{"start":{"line":150,"column":8},"end":{"line":150,"column":68}},"24":{"start":{"line":152,"column":8},"end":{"line":152,"column":37}},"25":{"start":{"line":154,"column":8},"end":{"line":154,"column":35}},"26":{"start":{"line":156,"column":8},"end":{"line":156,"column":32}},"27":{"start":{"line":158,"column":8},"end":{"line":158,"column":45}},"28":{"start":{"line":160,"column":8},"end":{"line":160,"column":47}},"29":{"start":{"line":162,"column":8},"end":{"line":162,"column":43}},"30":{"start":{"line":164,"column":8},"end":{"line":164,"column":37}},"31":{"start":{"line":166,"column":8},"end":{"line":166,"column":60}},"32":{"start":{"line":168,"column":8},"end":{"line":168,"column":64}},"33":{"start":{"line":173,"column":8},"end":{"line":173,"column":32}},"34":{"start":{"line":174,"column":8},"end":{"line":174,"column":54}},"35":{"start":{"line":179,"column":8},"end":{"line":179,"column":49}},"36":{"start":{"line":180,"column":8},"end":{"line":180,"column":56}},"37":{"start":{"line":181,"column":8},"end":{"line":181,"column":7629}},"38":{"start":{"line":182,"column":12},"end":{"line":182,"column":64}},"39":{"start":{"line":183,"column":12},"end":{"line":183,"column":63}},"40":{"start":{"line":184,"column":12},"end":{"line":184,"column":78}},"41":{"start":{"line":190,"column":8},"end":{"line":190,"column":65}},"42":{"start":{"line":191,"column":8},"end":{"line":191,"column":54}},"43":{"start":{"line":196,"column":8},"end":{"line":196,"column":42}},"44":{"start":{"line":197,"column":8},"end":{"line":197,"column":58}},"45":{"start":{"line":198,"column":8},"end":{"line":198,"column":67}},"46":{"start":{"line":199,"column":8},"end":{"line":199,"column":88}},"47":{"start":{"line":200,"column":8},"end":{"line":200,"column":78}},"48":{"start":{"line":201,"column":8},"end":{"line":201,"column":35}},"49":{"start":{"line":202,"column":8},"end":{"line":202,"column":47}},"50":{"start":{"line":207,"column":8},"end":{"line":207,"column":43}},"51":{"start":{"line":208,"column":8},"end":{"line":208,"column":67}},"52":{"start":{"line":209,"column":8},"end":{"line":209,"column":88}},"53":{"start":{"line":210,"column":8},"end":{"line":210,"column":78}},"54":{"start":{"line":211,"column":8},"end":{"line":211,"column":35}},"55":{"start":{"line":212,"column":8},"end":{"line":212,"column":52}},"56":{"start":{"line":217,"column":8},"end":{"line":217,"column":39}},"57":{"start":{"line":218,"column":8},"end":{"line":218,"column":49}},"58":{"start":{"line":219,"column":8},"end":{"line":219,"column":42}},"59":{"start":{"line":220,"column":8},"end":{"line":220,"column":9431}},"60":{"start":{"line":221,"column":12},"end":{"line":221,"column":68}},"61":{"start":{"line":222,"column":12},"end":{"line":222,"column":57}},"62":{"start":{"line":224,"column":12},"end":{"line":224,"column":9609}},"63":{"start":{"line":225,"column":16},"end":{"line":225,"column":72}},"64":{"start":{"line":227,"column":12},"end":{"line":227,"column":57}},"65":{"start":{"line":229,"column":8},"end":{"line":229,"column":35}},"66":{"start":{"line":230,"column":8},"end":{"line":230,"column":65}},"67":{"start":{"line":235,"column":8},"end":{"line":235,"column":81}},"68":{"start":{"line":236,"column":8},"end":{"line":236,"column":39}},"69":{"start":{"line":237,"column":8},"end":{"line":237,"column":42}},"70":{"start":{"line":238,"column":8},"end":{"line":238,"column":42}},"71":{"start":{"line":239,"column":8},"end":{"line":239,"column":64}},"72":{"start":{"line":240,"column":8},"end":{"line":240,"column":35}},"73":{"start":{"line":241,"column":8},"end":{"line":241,"column":46}},"74":{"start":{"line":246,"column":8},"end":{"line":246,"column":81}},"75":{"start":{"line":247,"column":8},"end":{"line":247,"column":57}},"76":{"start":{"line":249,"column":8},"end":{"line":249,"column":54}},"77":{"start":{"line":251,"column":8},"end":{"line":251,"column":64}},"78":{"start":{"line":252,"column":8},"end":{"line":252,"column":35}},"79":{"start":{"line":253,"column":8},"end":{"line":253,"column":48}},"80":{"start":{"line":259,"column":8},"end":{"line":259,"column":27}},"81":{"start":{"line":264,"column":8},"end":{"line":264,"column":61}},"82":{"start":{"line":269,"column":8},"end":{"line":269,"column":43}},"83":{"start":{"line":270,"column":8},"end":{"line":270,"column":30}},"84":{"start":{"line":275,"column":8},"end":{"line":275,"column":35}},"85":{"start":{"line":280,"column":8},"end":{"line":280,"column":39}},"86":{"start":{"line":285,"column":8},"end":{"line":285,"column":37}},"87":{"start":{"line":290,"column":8},"end":{"line":290,"column":34}},"88":{"start":{"line":295,"column":8},"end":{"line":295,"column":47}},"89":{"start":{"line":296,"column":8},"end":{"line":296,"column":52}},"90":{"start":{"line":297,"column":8},"end":{"line":297,"column":42}},"91":{"start":{"line":298,"column":8},"end":{"line":298,"column":48}},"92":{"start":{"line":299,"column":8},"end":{"line":299,"column":45}},"93":{"start":{"line":300,"column":8},"end":{"line":300,"column":56}},"94":{"start":{"line":301,"column":8},"end":{"line":301,"column":46}},"95":{"start":{"line":302,"column":8},"end":{"line":302,"column":91}},"96":{"start":{"line":307,"column":8},"end":{"line":307,"column":61}},"97":{"start":{"line":308,"column":8},"end":{"line":308,"column":12998}},"98":{"start":{"line":309,"column":12},"end":{"line":309,"column":46}},"99":{"start":{"line":311,"column":8},"end":{"line":311,"column":24}},"100":{"start":{"line":316,"column":8},"end":{"line":316,"column":69}},"101":{"start":{"line":317,"column":8},"end":{"line":317,"column":24}},"102":{"start":{"line":318,"column":8},"end":{"line":318,"column":13384}},"103":{"start":{"line":319,"column":12},"end":{"line":319,"column":13455}},"104":{"start":{"line":320,"column":16},"end":{"line":320,"column":34}},"105":{"start":{"line":324,"column":8},"end":{"line":324,"column":50}},"106":{"start":{"line":325,"column":8},"end":{"line":325,"column":24}},"107":{"start":{"line":329,"column":8},"end":{"line":329,"column":41}},"108":{"start":{"line":341,"column":8},"end":{"line":341,"column":39}},"109":{"start":{"line":352,"column":8},"end":{"line":352,"column":14383}},"110":{"start":{"line":353,"column":12},"end":{"line":353,"column":23}},"111":{"start":{"line":357,"column":8},"end":{"line":357,"column":68}},"112":{"start":{"line":362,"column":8},"end":{"line":362,"column":44}},"113":{"start":{"line":363,"column":8},"end":{"line":363,"column":54}},"114":{"start":{"line":368,"column":8},"end":{"line":368,"column":64}},"115":{"start":{"line":369,"column":8},"end":{"line":369,"column":51}},"116":{"start":{"line":370,"column":8},"end":{"line":370,"column":58}},"117":{"start":{"line":371,"column":8},"end":{"line":371,"column":43}},"118":{"start":{"line":375,"column":8},"end":{"line":375,"column":31}},"119":{"start":{"line":376,"column":8},"end":{"line":376,"column":38}},"120":{"start":{"line":377,"column":8},"end":{"line":377,"column":62}},"121":{"start":{"line":378,"column":8},"end":{"line":378,"column":32}},"122":{"start":{"line":379,"column":8},"end":{"line":379,"column":38}},"123":{"start":{"line":380,"column":8},"end":{"line":380,"column":57}},"124":{"start":{"line":381,"column":8},"end":{"line":381,"column":34}},"125":{"start":{"line":385,"column":8},"end":{"line":385,"column":42}},"126":{"start":{"line":386,"column":8},"end":{"line":386,"column":32}},"127":{"start":{"line":387,"column":8},"end":{"line":387,"column":24}},"128":{"start":{"line":388,"column":8},"end":{"line":388,"column":23}},"129":{"start":{"line":389,"column":8},"end":{"line":389,"column":30}},"130":{"start":{"line":390,"column":8},"end":{"line":390,"column":25}},"131":{"start":{"line":394,"column":8},"end":{"line":394,"column":15}},"132":{"start":{"line":398,"column":8},"end":{"line":398,"column":17}},"133":{"start":{"line":402,"column":8},"end":{"line":402,"column":29}},"134":{"start":{"line":403,"column":8},"end":{"line":403,"column":34}},"135":{"start":{"line":411,"column":8},"end":{"line":411,"column":52}},"136":{"start":{"line":412,"column":8},"end":{"line":412,"column":16377}},"137":{"start":{"line":413,"column":12},"end":{"line":413,"column":53}},"138":{"start":{"line":414,"column":12},"end":{"line":414,"column":34}},"139":{"start":{"line":415,"column":15},"end":{"line":415,"column":16522}},"140":{"start":{"line":416,"column":12},"end":{"line":416,"column":57}},"141":{"start":{"line":417,"column":12},"end":{"line":417,"column":34}},"142":{"start":{"line":419,"column":12},"end":{"line":419,"column":57}},"143":{"start":{"line":420,"column":12},"end":{"line":420,"column":53}},"144":{"start":{"line":421,"column":12},"end":{"line":421,"column":34}},"145":{"start":{"line":430,"column":8},"end":{"line":430,"column":27}},"146":{"start":{"line":439,"column":8},"end":{"line":439,"column":38}},"147":{"start":{"line":443,"column":8},"end":{"line":443,"column":17440}},"148":{"start":{"line":444,"column":12},"end":{"line":444,"column":23}},"149":{"start":{"line":446,"column":8},"end":{"line":446,"column":51}}},"branchMap":{"1":{"line":138,"type":"if","locations":[{"start":{"line":138,"column":8},"end":{"line":138,"column":8}},{"start":{"line":138,"column":8},"end":{"line":138,"column":8}}]},"2":{"line":142,"type":"if","locations":[{"start":{"line":142,"column":8},"end":{"line":142,"column":8}},{"start":{"line":142,"column":8},"end":{"line":142,"column":8}}]},"3":{"line":181,"type":"if","locations":[{"start":{"line":181,"column":8},"end":{"line":181,"column":8}},{"start":{"line":181,"column":8},"end":{"line":181,"column":8}}]},"4":{"line":220,"type":"if","locations":[{"start":{"line":220,"column":8},"end":{"line":220,"column":8}},{"start":{"line":220,"column":8},"end":{"line":220,"column":8}}]},"5":{"line":224,"type":"if","locations":[{"start":{"line":224,"column":12},"end":{"line":224,"column":12}},{"start":{"line":224,"column":12},"end":{"line":224,"column":12}}]},"6":{"line":235,"type":"if","locations":[{"start":{"line":235,"column":8},"end":{"line":235,"column":8}},{"start":{"line":235,"column":8},"end":{"line":235,"column":8}}]},"7":{"line":246,"type":"if","locations":[{"start":{"line":246,"column":8},"end":{"line":246,"column":8}},{"start":{"line":246,"column":8},"end":{"line":246,"column":8}}]},"8":{"line":319,"type":"if","locations":[{"start":{"line":319,"column":12},"end":{"line":319,"column":12}},{"start":{"line":319,"column":12},"end":{"line":319,"column":12}}]},"9":{"line":352,"type":"if","locations":[{"start":{"line":352,"column":8},"end":{"line":352,"column":8}},{"start":{"line":352,"column":8},"end":{"line":352,"column":8}}]},"10":{"line":412,"type":"if","locations":[{"start":{"line":412,"column":8},"end":{"line":412,"column":8}},{"start":{"line":412,"column":8},"end":{"line":412,"column":8}}]},"11":{"line":415,"type":"if","locations":[{"start":{"line":415,"column":15},"end":{"line":415,"column":15}},{"start":{"line":415,"column":15},"end":{"line":415,"column":15}}]},"12":{"line":443,"type":"if","locations":[{"start":{"line":443,"column":8},"end":{"line":443,"column":8}},{"start":{"line":443,"column":8},"end":{"line":443,"column":8}}]}}},
"contracts/DankMinterV2.sol":{"l":{"90":0,"91":0,"92":0,"97":1,"102":0,"107":0,"112":0,"113":0,"118":1,"119":1,"120":2,"122":1,"127":0,"128":0,"132":0,"133":0,"140":1,"142":1,"144":1,"146":1,"148":1,"150":1,"152":1,"154":1,"156":1,"158":1,"160":1,"162":1,"164":1,"166":1,"168":1,"170":1,"175":0,"176":0,"181":0,"182":0,"183":0,"184":0,"185":0,"186":0,"192":0,"193":0,"198":0,"199":0,"200":0,"201":0,"202":0,"203":0,"204":0,"209":0,"210":0,"211":0,"212":0,"213":0,"214":0,"219":0,"220":0,"221":0,"222":0,"223":0,"224":0,"226":0,"227":0,"229":0,"231":0,"232":0,"237":0,"238":0,"239":0,"240":0,"241":0,"242":0,"243":0,"248":0,"249":0,"250":0,"251":0,"252":0,"253":0,"254":0,"255":0,"261":0,"266":0,"271":2,"272":2,"277":3,"282":3,"287":3,"292":3,"297":3,"298":3,"299":3,"300":3,"301":3,"302":3,"303":3,"304":3,"309":0,"310":0,"311":0,"313":0,"318":0,"319":0,"320":0,"321":0,"322":0,"323":0,"326":0,"327":0,"331":0,"343":1,"354":0,"355":0,"359":0,"364":0,"365":0,"370":0,"371":0,"372":0,"373":0,"377":0,"378":0,"379":0,"380":0,"381":0,"382":0,"383":0,"387":0,"388":0,"389":0,"390":0,"391":0,"392":0,"396":0,"400":0,"404":1,"405":1,"413":1,"414":1,"415":1,"416":1,"418":0,"419":0,"421":0,"422":0,"423":0,"432":0,"441":3,"445":0,"446":0,"448":0},"path":"/Users/ryan/Desktop/programming/NFTMemeMachine/polygon-nfts/contracts/DankMinterV2.sol","s":{"1":0,"2":0,"3":0,"4":1,"5":0,"6":0,"7":0,"8":0,"9":1,"10":1,"11":2,"12":1,"13":0,"14":0,"15":0,"16":0,"17":1,"18":1,"19":1,"20":1,"21":1,"22":1,"23":1,"24":1,"25":1,"26":1,"27":1,"28":1,"29":1,"30":1,"31":1,"32":1,"33":0,"34":0,"35":0,"36":0,"37":0,"38":0,"39":0,"40":0,"41":0,"42":0,"43":0,"44":0,"45":0,"46":0,"47":0,"48":0,"49":0,"50":0,"51":0,"52":0,"53":0,"54":0,"55":0,"56":0,"57":0,"58":0,"59":0,"60":0,"61":0,"62":0,"63":0,"64":0,"65":0,"66":0,"67":0,"68":0,"69":0,"70":0,"71":0,"72":0,"73":0,"74":0,"75":0,"76":0,"77":0,"78":0,"79":0,"80":0,"81":0,"82":2,"83":2,"84":3,"85":3,"86":3,"87":3,"88":3,"89":3,"90":3,"91":3,"92":3,"93":3,"94":3,"95":3,"96":0,"97":0,"98":0,"99":0,"100":0,"101":0,"102":0,"103":0,"104":0,"105":0,"106":0,"107":0,"108":1,"109":0,"110":0,"111":0,"112":0,"113":0,"114":0,"115":0,"116":0,"117":0,"118":0,"119":0,"120":0,"121":0,"122":0,"123":0,"124":0,"125":0,"126":0,"127":0,"128":0,"129":0,"130":0,"131":0,"132":0,"133":1,"134":1,"135":1,"136":1,"137":1,"138":1,"139":0,"140":0,"141":0,"142":0,"143":0,"144":0,"145":0,"146":3,"147":0,"148":0,"149":0},"b":{"1":[1,0],"2":[1,0],"3":[0,0],"4":[0,0],"5":[0,0],"6":[0,0],"7":[0,0],"8":[0,0],"9":[0,0],"10":[1,0],"11":[0,0],"12":[0,0]},"f":{"1":0,"2":1,"3":0,"4":0,"5":0,"6":1,"7":0,"8":0,"9":1,"10":0,"11":0,"12":0,"13":0,"14":0,"15":0,"16":0,"17":0,"18":0,"19":0,"20":2,"21":3,"22":3,"23":3,"24":3,"25":3,"26":0,"27":0,"28":0,"29":1,"30":0,"31":0,"32":0,"33":0,"34":0,"35":0,"36":0,"37":1,"38":1,"39":0,"40":3,"41":0},"fnMap":{"1":{"name":"setTreeFiddyCoinAddress","line":89,"loc":{"start":{"line":89,"column":4},"end":{"line":93,"column":4}}},"2":{"name":"_mintTreeFiddies","line":96,"loc":{"start":{"line":96,"column":4},"end":{"line":98,"column":4}}},"3":{"name":"_burnTreeFiddies","line":101,"loc":{"start":{"line":101,"column":4},"end":{"line":103,"column":4}}},"4":{"name":"_treeFiddyCoinTransferFrom","line":106,"loc":{"start":{"line":106,"column":4},"end":{"line":108,"column":4}}},"5":{"name":"updateCreationCooldownTime","line":111,"loc":{"start":{"line":111,"column":4},"end":{"line":114,"column":4}}},"6":{"name":"_hashContent","line":117,"loc":{"start":{"line":117,"column":4},"end":{"line":123,"column":4}}},"7":{"name":"isOriginalMeme","line":126,"loc":{"start":{"line":126,"column":4},"end":{"line":129,"column":4}}},"8":{"name":"batchMintMemes","line":131,"loc":{"start":{"line":131,"column":4},"end":{"line":135,"column":4}}},"9":{"name":"createMeme","line":138,"loc":{"start":{"line":138,"column":4},"end":{"line":171,"column":4}}},"10":{"name":"withdraw","line":174,"loc":{"start":{"line":174,"column":4},"end":{"line":177,"column":4}}},"11":{"name":"recalculateDankness","line":180,"loc":{"start":{"line":180,"column":4},"end":{"line":188,"column":4}}},"12":{"name":"tossACoin","line":191,"loc":{"start":{"line":191,"column":4},"end":{"line":194,"column":4}}},"13":{"name":"tipCreator","line":197,"loc":{"start":{"line":197,"column":4},"end":{"line":205,"column":4}}},"14":{"name":"sacrificeToMeme","line":208,"loc":{"start":{"line":208,"column":4},"end":{"line":215,"column":4}}},"15":{"name":"voteOnMeme","line":218,"loc":{"start":{"line":218,"column":4},"end":{"line":233,"column":4}}},"16":{"name":"addPosting","line":236,"loc":{"start":{"line":236,"column":4},"end":{"line":244,"column":4}}},"17":{"name":"removePosting","line":247,"loc":{"start":{"line":247,"column":4},"end":{"line":256,"column":4}}},"18":{"name":"getCreationCooldownTime","line":260,"loc":{"start":{"line":260,"column":4},"end":{"line":262,"column":4}}},"19":{"name":"notOnMintCooldown","line":265,"loc":{"start":{"line":265,"column":4},"end":{"line":267,"column":4}}},"20":{"name":"getMemeWithHash","line":270,"loc":{"start":{"line":270,"column":4},"end":{"line":273,"column":4}}},"21":{"name":"getMemeHash","line":276,"loc":{"start":{"line":276,"column":4},"end":{"line":278,"column":4}}},"22":{"name":"getMemeExperience","line":281,"loc":{"start":{"line":281,"column":4},"end":{"line":283,"column":4}}},"23":{"name":"getMemeDankness","line":286,"loc":{"start":{"line":286,"column":4},"end":{"line":288,"column":4}}},"24":{"name":"getMemeScore","line":291,"loc":{"start":{"line":291,"column":4},"end":{"line":293,"column":4}}},"25":{"name":"getMeme","line":296,"loc":{"start":{"line":296,"column":4},"end":{"line":305,"column":4}}},"26":{"name":"getMemes","line":308,"loc":{"start":{"line":308,"column":4},"end":{"line":314,"column":4}}},"27":{"name":"getUsersMemes","line":317,"loc":{"start":{"line":317,"column":4},"end":{"line":328,"column":4}}},"28":{"name":"getNumStashedMemes","line":330,"loc":{"start":{"line":330,"column":4},"end":{"line":332,"column":4}}},"29":{"name":"_msgSender","line":337,"loc":{"start":{"line":337,"column":4},"end":{"line":344,"column":4}}},"30":{"name":"isApprovedForAll","line":349,"loc":{"start":{"line":349,"column":4},"end":{"line":360,"column":4}}},"31":{"name":"updateRoyalties","line":363,"loc":{"start":{"line":363,"column":4},"end":{"line":366,"column":4}}},"32":{"name":"setRoyalties","line":369,"loc":{"start":{"line":369,"column":4},"end":{"line":374,"column":4}}},"33":{"name":"customInitialize","line":376,"loc":{"start":{"line":376,"column":4},"end":{"line":384,"column":4}}},"34":{"name":"initialize","line":386,"loc":{"start":{"line":386,"column":4},"end":{"line":393,"column":4}}},"35":{"name":"pause","line":395,"loc":{"start":{"line":395,"column":4},"end":{"line":397,"column":4}}},"36":{"name":"unpause","line":399,"loc":{"start":{"line":399,"column":4},"end":{"line":401,"column":4}}},"37":{"name":"safeMint","line":403,"loc":{"start":{"line":403,"column":4},"end":{"line":406,"column":4}}},"38":{"name":"_beforeTokenTransfer","line":410,"loc":{"start":{"line":408,"column":4},"end":{"line":425,"column":4}}},"39":{"name":"_burn","line":428,"loc":{"start":{"line":428,"column":4},"end":{"line":433,"column":4}}},"40":{"name":"tokenURI","line":435,"loc":{"start":{"line":435,"column":4},"end":{"line":442,"column":4}}},"41":{"name":"supportsInterface","line":444,"loc":{"start":{"line":444,"column":4},"end":{"line":449,"column":4}}}},"statementMap":{"1":{"start":{"line":90,"column":8},"end":{"line":90,"column":43}},"2":{"start":{"line":91,"column":8},"end":{"line":91,"column":43}},"3":{"start":{"line":92,"column":8},"end":{"line":92,"column":58}},"4":{"start":{"line":97,"column":8},"end":{"line":97,"column":27}},"5":{"start":{"line":102,"column":8},"end":{"line":102,"column":43}},"6":{"start":{"line":107,"column":8},"end":{"line":107,"column":48}},"7":{"start":{"line":112,"column":8},"end":{"line":112,"column":38}},"8":{"start":{"line":113,"column":8},"end":{"line":113,"column":58}},"9":{"start":{"line":118,"column":8},"end":{"line":118,"column":34}},"10":{"start":{"line":119,"column":8},"end":{"line":119,"column":4957}},"11":{"start":{"line":120,"column":12},"end":{"line":120,"column":63}},"12":{"start":{"line":122,"column":8},"end":{"line":122,"column":58}},"13":{"start":{"line":127,"column":8},"end":{"line":127,"column":66}},"14":{"start":{"line":128,"column":8},"end":{"line":128,"column":36}},"15":{"start":{"line":132,"column":8},"end":{"line":132,"column":5545}},"16":{"start":{"line":133,"column":12},"end":{"line":133,"column":123}},"17":{"start":{"line":140,"column":8},"end":{"line":140,"column":81}},"18":{"start":{"line":142,"column":8},"end":{"line":142,"column":59}},"19":{"start":{"line":144,"column":8},"end":{"line":144,"column":61}},"20":{"start":{"line":146,"column":8},"end":{"line":146,"column":51}},"21":{"start":{"line":148,"column":8},"end":{"line":148,"column":40}},"22":{"start":{"line":150,"column":8},"end":{"line":150,"column":40}},"23":{"start":{"line":152,"column":8},"end":{"line":152,"column":68}},"24":{"start":{"line":154,"column":8},"end":{"line":154,"column":37}},"25":{"start":{"line":156,"column":8},"end":{"line":156,"column":35}},"26":{"start":{"line":158,"column":8},"end":{"line":158,"column":32}},"27":{"start":{"line":160,"column":8},"end":{"line":160,"column":45}},"28":{"start":{"line":162,"column":8},"end":{"line":162,"column":47}},"29":{"start":{"line":164,"column":8},"end":{"line":164,"column":43}},"30":{"start":{"line":166,"column":8},"end":{"line":166,"column":37}},"31":{"start":{"line":168,"column":8},"end":{"line":168,"column":60}},"32":{"start":{"line":170,"column":8},"end":{"line":170,"column":64}},"33":{"start":{"line":175,"column":8},"end":{"line":175,"column":32}},"34":{"start":{"line":176,"column":8},"end":{"line":176,"column":54}},"35":{"start":{"line":181,"column":8},"end":{"line":181,"column":49}},"36":{"start":{"line":182,"column":8},"end":{"line":182,"column":56}},"37":{"start":{"line":183,"column":8},"end":{"line":183,"column":7654}},"38":{"start":{"line":184,"column":12},"end":{"line":184,"column":64}},"39":{"start":{"line":185,"column":12},"end":{"line":185,"column":63}},"40":{"start":{"line":186,"column":12},"end":{"line":186,"column":78}},"41":{"start":{"line":192,"column":8},"end":{"line":192,"column":65}},"42":{"start":{"line":193,"column":8},"end":{"line":193,"column":54}},"43":{"start":{"line":198,"column":8},"end":{"line":198,"column":42}},"44":{"start":{"line":199,"column":8},"end":{"line":199,"column":58}},"45":{"start":{"line":200,"column":8},"end":{"line":200,"column":67}},"46":{"start":{"line":201,"column":8},"end":{"line":201,"column":88}},"47":{"start":{"line":202,"column":8},"end":{"line":202,"column":78}},"48":{"start":{"line":203,"column":8},"end":{"line":203,"column":35}},"49":{"start":{"line":204,"column":8},"end":{"line":204,"column":47}},"50":{"start":{"line":209,"column":8},"end":{"line":209,"column":43}},"51":{"start":{"line":210,"column":8},"end":{"line":210,"column":67}},"52":{"start":{"line":211,"column":8},"end":{"line":211,"column":88}},"53":{"start":{"line":212,"column":8},"end":{"line":212,"column":78}},"54":{"start":{"line":213,"column":8},"end":{"line":213,"column":35}},"55":{"start":{"line":214,"column":8},"end":{"line":214,"column":52}},"56":{"start":{"line":219,"column":8},"end":{"line":219,"column":39}},"57":{"start":{"line":220,"column":8},"end":{"line":220,"column":49}},"58":{"start":{"line":221,"column":8},"end":{"line":221,"column":42}},"59":{"start":{"line":222,"column":8},"end":{"line":222,"column":9456}},"60":{"start":{"line":223,"column":12},"end":{"line":223,"column":68}},"61":{"start":{"line":224,"column":12},"end":{"line":224,"column":57}},"62":{"start":{"line":226,"column":12},"end":{"line":226,"column":9634}},"63":{"start":{"line":227,"column":16},"end":{"line":227,"column":72}},"64":{"start":{"line":229,"column":12},"end":{"line":229,"column":57}},"65":{"start":{"line":231,"column":8},"end":{"line":231,"column":35}},"66":{"start":{"line":232,"column":8},"end":{"line":232,"column":65}},"67":{"start":{"line":237,"column":8},"end":{"line":237,"column":81}},"68":{"start":{"line":238,"column":8},"end":{"line":238,"column":39}},"69":{"start":{"line":239,"column":8},"end":{"line":239,"column":42}},"70":{"start":{"line":240,"column":8},"end":{"line":240,"column":42}},"71":{"start":{"line":241,"column":8},"end":{"line":241,"column":64}},"72":{"start":{"line":242,"column":8},"end":{"line":242,"column":35}},"73":{"start":{"line":243,"column":8},"end":{"line":243,"column":46}},"74":{"start":{"line":248,"column":8},"end":{"line":248,"column":81}},"75":{"start":{"line":249,"column":8},"end":{"line":249,"column":57}},"76":{"start":{"line":251,"column":8},"end":{"line":251,"column":54}},"77":{"start":{"line":253,"column":8},"end":{"line":253,"column":64}},"78":{"start":{"line":254,"column":8},"end":{"line":254,"column":35}},"79":{"start":{"line":255,"column":8},"end":{"line":255,"column":48}},"80":{"start":{"line":261,"column":8},"end":{"line":261,"column":27}},"81":{"start":{"line":266,"column":8},"end":{"line":266,"column":61}},"82":{"start":{"line":271,"column":8},"end":{"line":271,"column":43}},"83":{"start":{"line":272,"column":8},"end":{"line":272,"column":30}},"84":{"start":{"line":277,"column":8},"end":{"line":277,"column":35}},"85":{"start":{"line":282,"column":8},"end":{"line":282,"column":39}},"86":{"start":{"line":287,"column":8},"end":{"line":287,"column":37}},"87":{"start":{"line":292,"column":8},"end":{"line":292,"column":34}},"88":{"start":{"line":297,"column":8},"end":{"line":297,"column":47}},"89":{"start":{"line":298,"column":8},"end":{"line":298,"column":52}},"90":{"start":{"line":299,"column":8},"end":{"line":299,"column":42}},"91":{"start":{"line":300,"column":8},"end":{"line":300,"column":48}},"92":{"start":{"line":301,"column":8},"end":{"line":301,"column":45}},"93":{"start":{"line":302,"column":8},"end":{"line":302,"column":56}},"94":{"start":{"line":303,"column":8},"end":{"line":303,"column":46}},"95":{"start":{"line":304,"column":8},"end":{"line":304,"column":91}},"96":{"start":{"line":309,"column":8},"end":{"line":309,"column":61}},"97":{"start":{"line":310,"column":8},"end":{"line":310,"column":13023}},"98":{"start":{"line":311,"column":12},"end":{"line":311,"column":46}},"99":{"start":{"line":313,"column":8},"end":{"line":313,"column":24}},"100":{"start":{"line":318,"column":8},"end":{"line":318,"column":69}},"101":{"start":{"line":319,"column":8},"end":{"line":319,"column":24}},"102":{"start":{"line":320,"column":8},"end":{"line":320,"column":13409}},"103":{"start":{"line":321,"column":12},"end":{"line":321,"column":13480}},"104":{"start":{"line":322,"column":16},"end":{"line":322,"column":34}},"105":{"start":{"line":326,"column":8},"end":{"line":326,"column":50}},"106":{"start":{"line":327,"column":8},"end":{"line":327,"column":24}},"107":{"start":{"line":331,"column":8},"end":{"line":331,"column":41}},"108":{"start":{"line":343,"column":8},"end":{"line":343,"column":39}},"109":{"start":{"line":354,"column":8},"end":{"line":354,"column":14408}},"110":{"start":{"line":355,"column":12},"end":{"line":355,"column":23}},"111":{"start":{"line":359,"column":8},"end":{"line":359,"column":68}},"112":{"start":{"line":364,"column":8},"end":{"line":364,"column":44}},"113":{"start":{"line":365,"column":8},"end":{"line":365,"column":54}},"114":{"start":{"line":370,"column":8},"end":{"line":370,"column":64}},"115":{"start":{"line":371,"column":8},"end":{"line":371,"column":51}},"116":{"start":{"line":372,"column":8},"end":{"line":372,"column":58}},"117":{"start":{"line":373,"column":8},"end":{"line":373,"column":43}},"118":{"start":{"line":377,"column":8},"end":{"line":377,"column":31}},"119":{"start":{"line":378,"column":8},"end":{"line":378,"column":38}},"120":{"start":{"line":379,"column":8},"end":{"line":379,"column":62}},"121":{"start":{"line":380,"column":8},"end":{"line":380,"column":32}},"122":{"start":{"line":381,"column":8},"end":{"line":381,"column":38}},"123":{"start":{"line":382,"column":8},"end":{"line":382,"column":57}},"124":{"start":{"line":383,"column":8},"end":{"line":383,"column":34}},"125":{"start":{"line":387,"column":8},"end":{"line":387,"column":42}},"126":{"start":{"line":388,"column":8},"end":{"line":388,"column":32}},"127":{"start":{"line":389,"column":8},"end":{"line":389,"column":24}},"128":{"start":{"line":390,"column":8},"end":{"line":390,"column":23}},"129":{"start":{"line":391,"column":8},"end":{"line":391,"column":30}},"130":{"start":{"line":392,"column":8},"end":{"line":392,"column":25}},"131":{"start":{"line":396,"column":8},"end":{"line":396,"column":15}},"132":{"start":{"line":400,"column":8},"end":{"line":400,"column":17}},"133":{"start":{"line":404,"column":8},"end":{"line":404,"column":29}},"134":{"start":{"line":405,"column":8},"end":{"line":405,"column":34}},"135":{"start":{"line":413,"column":8},"end":{"line":413,"column":52}},"136":{"start":{"line":414,"column":8},"end":{"line":414,"column":16402}},"137":{"start":{"line":415,"column":12},"end":{"line":415,"column":53}},"138":{"start":{"line":416,"column":12},"end":{"line":416,"column":34}},"139":{"start":{"line":417,"column":15},"end":{"line":417,"column":16547}},"140":{"start":{"line":418,"column":12},"end":{"line":418,"column":57}},"141":{"start":{"line":419,"column":12},"end":{"line":419,"column":34}},"142":{"start":{"line":421,"column":12},"end":{"line":421,"column":57}},"143":{"start":{"line":422,"column":12},"end":{"line":422,"column":53}},"144":{"start":{"line":423,"column":12},"end":{"line":423,"column":34}},"145":{"start":{"line":432,"column":8},"end":{"line":432,"column":27}},"146":{"start":{"line":441,"column":8},"end":{"line":441,"column":38}},"147":{"start":{"line":445,"column":8},"end":{"line":445,"column":17465}},"148":{"start":{"line":446,"column":12},"end":{"line":446,"column":23}},"149":{"start":{"line":448,"column":8},"end":{"line":448,"column":51}}},"branchMap":{"1":{"line":140,"type":"if","locations":[{"start":{"line":140,"column":8},"end":{"line":140,"column":8}},{"start":{"line":140,"column":8},"end":{"line":140,"column":8}}]},"2":{"line":144,"type":"if","locations":[{"start":{"line":144,"column":8},"end":{"line":144,"column":8}},{"start":{"line":144,"column":8},"end":{"line":144,"column":8}}]},"3":{"line":183,"type":"if","locations":[{"start":{"line":183,"column":8},"end":{"line":183,"column":8}},{"start":{"line":183,"column":8},"end":{"line":183,"column":8}}]},"4":{"line":222,"type":"if","locations":[{"start":{"line":222,"column":8},"end":{"line":222,"column":8}},{"start":{"line":222,"column":8},"end":{"line":222,"column":8}}]},"5":{"line":226,"type":"if","locations":[{"start":{"line":226,"column":12},"end":{"line":226,"column":12}},{"start":{"line":226,"column":12},"end":{"line":226,"column":12}}]},"6":{"line":237,"type":"if","locations":[{"start":{"line":237,"column":8},"end":{"line":237,"column":8}},{"start":{"line":237,"column":8},"end":{"line":237,"column":8}}]},"7":{"line":248,"type":"if","locations":[{"start":{"line":248,"column":8},"end":{"line":248,"column":8}},{"start":{"line":248,"column":8},"end":{"line":248,"column":8}}]},"8":{"line":321,"type":"if","locations":[{"start":{"line":321,"column":12},"end":{"line":321,"column":12}},{"start":{"line":321,"column":12},"end":{"line":321,"column":12}}]},"9":{"line":354,"type":"if","locations":[{"start":{"line":354,"column":8},"end":{"line":354,"column":8}},{"start":{"line":354,"column":8},"end":{"line":354,"column":8}}]},"10":{"line":414,"type":"if","locations":[{"start":{"line":414,"column":8},"end":{"line":414,"column":8}},{"start":{"line":414,"column":8},"end":{"line":414,"column":8}}]},"11":{"line":417,"type":"if","locations":[{"start":{"line":417,"column":15},"end":{"line":417,"column":15}},{"start":{"line":417,"column":15},"end":{"line":417,"column":15}}]},"12":{"line":445,"type":"if","locations":[{"start":{"line":445,"column":8},"end":{"line":445,"column":8}},{"start":{"line":445,"column":8},"end":{"line":445,"column":8}}]}}},
"contracts/ERC2981ContractWideRoyalties.sol":{"l":{"22":0,"29":46,"30":46,"31":46,"41":2},"path":"/Users/ryan/Desktop/programming/NFTMemeMachine/polygon-nfts/contracts/ERC2981ContractWideRoyalties.sol","s":{"1":0,"2":46,"3":46,"4":46,"5":2},"b":{"1":[46,0]},"f":{"1":0,"2":46,"3":2},"fnMap":{"1":{"name":"supportsInterface","line":15,"loc":{"start":{"line":15,"column":4},"end":{"line":23,"column":4}}},"2":{"name":"_setRoyalties","line":28,"loc":{"start":{"line":28,"column":4},"end":{"line":32,"column":4}}},"3":{"name":"royaltyInfo","line":35,"loc":{"start":{"line":35,"column":4},"end":{"line":42,"column":4}}}},"statementMap":{"1":{"start":{"line":22,"column":8},"end":{"line":22,"column":65}},"2":{"start":{"line":29,"column":8},"end":{"line":29,"column":60}},"3":{"start":{"line":30,"column":8},"end":{"line":30,"column":38}},"4":{"start":{"line":31,"column":8},"end":{"line":31,"column":30}},"5":{"start":{"line":41,"column":8},"end":{"line":41,"column":76}}},"branchMap":{"1":{"line":29,"type":"if","locations":[{"start":{"line":29,"column":8},"end":{"line":29,"column":8}},{"start":{"line":29,"column":8},"end":{"line":29,"column":8}}]}}},
"contracts/IERC2981Royalties.sol":{"l":{},"path":"/Users/ryan/Desktop/programming/NFTMemeMachine/polygon-nfts/contracts/IERC2981Royalties.sol","s":{},"b":{},"f":{},"fnMap":{},"statementMap":{},"branchMap":{}},
"contracts/IERC721TokenReceiver.sol":{"l":{},"path":"/Users/ryan/Desktop/programming/NFTMemeMachine/polygon-nfts/contracts/IERC721TokenReceiver.sol","s":{},"b":{},"f":{},"fnMap":{},"statementMap":{},"branchMap":{}},
"contracts/TreeFiddy.sol":{"l":{"18":45,"19":45,"20":45,"21":45,"25":13,"26":13,"30":1,"31":1,"35":6,"36":6},"path":"/Users/ryan/Desktop/programming/NFTMemeMachine/polygon-nfts/contracts/TreeFiddy.sol","s":{"1":45,"2":45,"3":45,"4":45,"5":13,"6":13,"7":1,"8":1,"9":6,"10":6},"b":{"1":[13,0],"2":[1,0],"3":[6,0]},"f":{"1":3,"2":45,"3":13,"4":1,"5":6},"fnMap":{"1":{"name":"constructor","line":14,"loc":{"start":{"line":14,"column":4},"end":{"line":14,"column":31}}},"2":{"name":"initialize","line":17,"loc":{"start":{"line":17,"column":4},"end":{"line":22,"column":4}}},"3":{"name":"mint","line":24,"loc":{"start":{"line":24,"column":4},"end":{"line":27,"column":4}}},"4":{"name":"transferDankMinter","line":29,"loc":{"start":{"line":29,"column":4},"end":{"line":32,"column":4}}},"5":{"name":"burnFromDankMinter","line":34,"loc":{"start":{"line":34,"column":4},"end":{"line":37,"column":4}}}},"statementMap":{"1":{"start":{"line":18,"column":8},"end":{"line":18,"column":38}},"2":{"start":{"line":19,"column":8},"end":{"line":19,"column":29}},"3":{"start":{"line":20,"column":8},"end":{"line":20,"column":23}},"4":{"start":{"line":21,"column":8},"end":{"line":21,"column":45}},"5":{"start":{"line":25,"column":8},"end":{"line":25,"column":109}},"6":{"start":{"line":26,"column":8},"end":{"line":26,"column":24}},"7":{"start":{"line":30,"column":8},"end":{"line":30,"column":75}},"8":{"start":{"line":31,"column":8},"end":{"line":31,"column":34}},"9":{"start":{"line":35,"column":8},"end":{"line":35,"column":75}},"10":{"start":{"line":36,"column":8},"end":{"line":36,"column":26}}},"branchMap":{"1":{"line":25,"type":"if","locations":[{"start":{"line":25,"column":8},"end":{"line":25,"column":8}},{"start":{"line":25,"column":8},"end":{"line":25,"column":8}}]},"2":{"line":30,"type":"if","locations":[{"start":{"line":30,"column":8},"end":{"line":30,"column":8}},{"start":{"line":30,"column":8},"end":{"line":30,"column":8}}]},"3":{"line":35,"type":"if","locations":[{"start":{"line":35,"column":8},"end":{"line":35,"column":8}},{"start":{"line":35,"column":8},"end":{"line":35,"column":8}}]}}}}
