TN:
SF:/Users/ryan/Desktop/programming/NFTMemeMachine/polygon-nfts/contracts/@rarible/royalties/contracts/impl/AbstractRoyalties.sol
FN:6,_saveRoyalties
FN:15,_updateAccount
FNF:2
FNH:1
FNDA:46,_saveRoyalties
FNDA:0,_updateAccount
DA:7,46
DA:8,46
DA:9,46
DA:10,46
DA:11,46
DA:13,46
DA:16,0
DA:17,0
DA:18,0
DA:19,0
LF:10
LH:6
BRDA:8,1,0,46
BRDA:8,1,1,0
BRDA:9,2,0,46
BRDA:9,2,1,0
BRDA:18,3,0,0
BRDA:18,3,1,0
BRF:6
BRH:2
end_of_record
TN:
SF:/Users/ryan/Desktop/programming/NFTMemeMachine/polygon-nfts/contracts/@rarible/royalties/contracts/impl/RoyaltiesV2Impl.sol
FN:6,getRaribleV2Royalties
FN:9,_onRoyaltiesSet
FNF:2
FNH:2
FNDA:2,getRaribleV2Royalties
FNDA:46,_onRoyaltiesSet
DA:7,2
DA:10,46
LF:2
LH:2
BRF:0
BRH:0
end_of_record
TN:
SF:/Users/ryan/Desktop/programming/NFTMemeMachine/polygon-nfts/contracts/@rarible/royalties/contracts/IRoyaltiesProvider.sol
FNF:0
FNH:0
LF:0
LH:0
BRF:0
BRH:0
end_of_record
TN:
SF:/Users/ryan/Desktop/programming/NFTMemeMachine/polygon-nfts/contracts/@rarible/royalties/contracts/LibPart.sol
FN:8,hash
FNF:1
FNH:0
FNDA:0,hash
DA:9,0
LF:1
LH:0
BRF:0
BRH:0
end_of_record
TN:
SF:/Users/ryan/Desktop/programming/NFTMemeMachine/polygon-nfts/contracts/@rarible/royalties/contracts/LibRoyaltiesV2.sol
FNF:0
FNH:0
LF:0
LH:0
BRF:0
BRH:0
end_of_record
TN:
SF:/Users/ryan/Desktop/programming/NFTMemeMachine/polygon-nfts/contracts/@rarible/royalties/contracts/RoyaltiesV2.sol
FNF:0
FNH:0
LF:0
LH:0
BRF:0
BRH:0
end_of_record
TN:
SF:/Users/ryan/Desktop/programming/NFTMemeMachine/polygon-nfts/contracts/ContentMixin.sol
FN:5,msgSender
FNF:1
FNH:1
FNDA:125,msgSender
DA:10,125
DA:11,0
DA:12,0
DA:13,0
DA:21,125
DA:23,125
LF:6
LH:3
BRDA:10,1,0,0
BRDA:10,1,1,125
BRF:2
BRH:1
end_of_record
TN:
SF:/Users/ryan/Desktop/programming/NFTMemeMachine/polygon-nfts/contracts/DankMinter.sol
FN:87,setTreeFiddyCoinAddress
FN:94,_mintTreeFiddies
FN:99,_burnTreeFiddies
FN:104,_treeFiddyCoinTransferFrom
FN:109,updateCreationCooldownTime
FN:115,_hashContent
FN:124,isOriginalMeme
FN:129,batchMintMemes
FN:136,createMeme
FN:172,withdraw
FN:178,recalculateDankness
FN:189,tossACoin
FN:195,tipCreator
FN:206,sacrificeToMeme
FN:216,voteOnMeme
FN:234,addPosting
FN:245,removePosting
FN:258,getCreationCooldownTime
FN:263,notOnMintCooldown
FN:268,getMemeWithHash
FN:274,getMemeHash
FN:279,getMemeExperience
FN:284,getMemeDankness
FN:289,getMemeScore
FN:294,getMeme
FN:306,getMemes
FN:315,getUsersMemes
FN:328,getNumStashedMemes
FN:335,_msgSender
FN:347,isApprovedForAll
FN:361,updateRoyalties
FN:367,setRoyalties
FN:374,customInitialize
FN:384,initialize
FN:393,pause
FN:397,unpause
FN:401,safeMint
FN:408,_beforeTokenTransfer
FN:426,_burn
FN:433,tokenURI
FN:442,supportsInterface
FNF:41
FNH:29
FNDA:15,setTreeFiddyCoinAddress
FNDA:12,_mintTreeFiddies
FNDA:6,_burnTreeFiddies
FNDA:1,_treeFiddyCoinTransferFrom
FNDA:3,updateCreationCooldownTime
FNDA:15,_hashContent
FNDA:2,isOriginalMeme
FNDA:0,batchMintMemes
FNDA:14,createMeme
FNDA:0,withdraw
FNDA:8,recalculateDankness
FNDA:0,tossACoin
FNDA:1,tipCreator
FNDA:0,sacrificeToMeme
FNDA:4,voteOnMeme
FNDA:2,addPosting
FNDA:1,removePosting
FNDA:1,getCreationCooldownTime
FNDA:0,notOnMintCooldown
FNDA:0,getMemeWithHash
FNDA:8,getMemeHash
FNDA:8,getMemeExperience
FNDA:8,getMemeDankness
FNDA:8,getMemeScore
FNDA:8,getMeme
FNDA:1,getMemes
FNDA:1,getUsersMemes
FNDA:0,getNumStashedMemes
FNDA:124,_msgSender
FNDA:0,isApprovedForAll
FNDA:1,updateRoyalties
FNDA:46,setRoyalties
FNDA:45,customInitialize
FNDA:45,initialize
FNDA:0,pause
FNDA:0,unpause
FNDA:12,safeMint
FNDA:12,_beforeTokenTransfer
FNDA:0,_burn
FNDA:8,tokenURI
FNDA:0,supportsInterface
DA:88,15
DA:89,15
DA:90,15
DA:95,12
DA:100,6
DA:105,1
DA:110,3
DA:111,3
DA:116,15
DA:117,15
DA:118,28
DA:120,15
DA:125,2
DA:126,2
DA:130,0
DA:131,0
DA:138,14
DA:140,13
DA:142,13
DA:144,12
DA:146,12
DA:148,12
DA:150,12
DA:152,12
DA:154,12
DA:156,12
DA:158,12
DA:160,12
DA:162,12
DA:164,12
DA:166,12
DA:168,12
DA:173,0
DA:174,0
DA:179,8
DA:180,8
DA:181,8
DA:182,3
DA:183,3
DA:184,3
DA:190,0
DA:191,0
DA:196,1
DA:197,1
DA:198,1
DA:199,1
DA:200,1
DA:201,1
DA:202,1
DA:207,0
DA:208,0
DA:209,0
DA:210,0
DA:211,0
DA:212,0
DA:217,4
DA:218,4
DA:219,4
DA:220,4
DA:221,3
DA:222,3
DA:224,1
DA:225,0
DA:227,1
DA:229,4
DA:230,4
DA:235,2
DA:236,2
DA:237,2
DA:238,2
DA:239,2
DA:240,2
DA:241,2
DA:246,1
DA:247,1
DA:248,1
DA:249,1
DA:250,1
DA:251,1
DA:252,1
DA:253,1
DA:259,1
DA:264,0
DA:269,0
DA:270,0
DA:275,8
DA:280,8
DA:285,8
DA:290,8
DA:295,8
DA:296,8
DA:297,8
DA:298,8
DA:299,8
DA:300,8
DA:301,8
DA:302,8
DA:307,1
DA:308,1
DA:309,2
DA:311,1
DA:316,1
DA:317,1
DA:318,1
DA:319,3
DA:320,2
DA:321,2
DA:324,1
DA:325,1
DA:329,0
DA:341,124
DA:352,0
DA:353,0
DA:357,0
DA:362,1
DA:363,1
DA:368,46
DA:369,46
DA:370,46
DA:371,46
DA:375,45
DA:376,45
DA:377,45
DA:378,45
DA:379,45
DA:380,45
DA:381,45
DA:385,45
DA:386,45
DA:387,45
DA:388,45
DA:389,45
DA:390,45
DA:394,0
DA:398,0
DA:402,12
DA:403,12
DA:411,12
DA:412,12
DA:413,12
DA:414,12
DA:416,0
DA:417,0
DA:419,0
DA:420,0
DA:421,0
DA:430,0
DA:439,8
DA:443,0
DA:444,0
DA:446,0
LF:151
LH:120
BRDA:138,1,0,13
BRDA:138,1,1,1
BRDA:142,2,0,12
BRDA:142,2,1,1
BRDA:181,3,0,3
BRDA:181,3,1,5
BRDA:220,4,0,3
BRDA:220,4,1,1
BRDA:224,5,0,0
BRDA:224,5,1,1
BRDA:235,6,0,2
BRDA:235,6,1,0
BRDA:246,7,0,1
BRDA:246,7,1,0
BRDA:319,8,0,2
BRDA:319,8,1,1
BRDA:352,9,0,0
BRDA:352,9,1,0
BRDA:412,10,0,12
BRDA:412,10,1,0
BRDA:415,11,0,0
BRDA:415,11,1,0
BRDA:443,12,0,0
BRDA:443,12,1,0
BRF:24
BRH:14
end_of_record
TN:
SF:/Users/ryan/Desktop/programming/NFTMemeMachine/polygon-nfts/contracts/DankMinterV2.sol
FN:89,setTreeFiddyCoinAddress
FN:96,_mintTreeFiddies
FN:101,_burnTreeFiddies
FN:106,_treeFiddyCoinTransferFrom
FN:111,updateCreationCooldownTime
FN:117,_hashContent
FN:126,isOriginalMeme
FN:131,batchMintMemes
FN:138,createMeme
FN:174,withdraw
FN:180,recalculateDankness
FN:191,tossACoin
FN:197,tipCreator
FN:208,sacrificeToMeme
FN:218,voteOnMeme
FN:236,addPosting
FN:247,removePosting
FN:260,getCreationCooldownTime
FN:265,notOnMintCooldown
FN:270,getMemeWithHash
FN:276,getMemeHash
FN:281,getMemeExperience
FN:286,getMemeDankness
FN:291,getMemeScore
FN:296,getMeme
FN:308,getMemes
FN:317,getUsersMemes
FN:330,getNumStashedMemes
FN:337,_msgSender
FN:349,isApprovedForAll
FN:363,updateRoyalties
FN:369,setRoyalties
FN:376,customInitialize
FN:386,initialize
FN:395,pause
FN:399,unpause
FN:403,safeMint
FN:410,_beforeTokenTransfer
FN:428,_burn
FN:435,tokenURI
FN:444,supportsInterface
FNF:41
FNH:13
FNDA:0,setTreeFiddyCoinAddress
FNDA:1,_mintTreeFiddies
FNDA:0,_burnTreeFiddies
FNDA:0,_treeFiddyCoinTransferFrom
FNDA:0,updateCreationCooldownTime
FNDA:1,_hashContent
FNDA:0,isOriginalMeme
FNDA:0,batchMintMemes
FNDA:1,createMeme
FNDA:0,withdraw
FNDA:0,recalculateDankness
FNDA:0,tossACoin
FNDA:0,tipCreator
FNDA:0,sacrificeToMeme
FNDA:0,voteOnMeme
FNDA:0,addPosting
FNDA:0,removePosting
FNDA:0,getCreationCooldownTime
FNDA:0,notOnMintCooldown
FNDA:2,getMemeWithHash
FNDA:3,getMemeHash
FNDA:3,getMemeExperience
FNDA:3,getMemeDankness
FNDA:3,getMemeScore
FNDA:3,getMeme
FNDA:0,getMemes
FNDA:0,getUsersMemes
FNDA:0,getNumStashedMemes
FNDA:1,_msgSender
FNDA:0,isApprovedForAll
FNDA:0,updateRoyalties
FNDA:0,setRoyalties
FNDA:0,customInitialize
FNDA:0,initialize
FNDA:0,pause
FNDA:0,unpause
FNDA:1,safeMint
FNDA:1,_beforeTokenTransfer
FNDA:0,_burn
FNDA:3,tokenURI
FNDA:0,supportsInterface
DA:90,0
DA:91,0
DA:92,0
DA:97,1
DA:102,0
DA:107,0
DA:112,0
DA:113,0
DA:118,1
DA:119,1
DA:120,2
DA:122,1
DA:127,0
DA:128,0
DA:132,0
DA:133,0
DA:140,1
DA:142,1
DA:144,1
DA:146,1
DA:148,1
DA:150,1
DA:152,1
DA:154,1
DA:156,1
DA:158,1
DA:160,1
DA:162,1
DA:164,1
DA:166,1
DA:168,1
DA:170,1
DA:175,0
DA:176,0
DA:181,0
DA:182,0
DA:183,0
DA:184,0
DA:185,0
DA:186,0
DA:192,0
DA:193,0
DA:198,0
DA:199,0
DA:200,0
DA:201,0
DA:202,0
DA:203,0
DA:204,0
DA:209,0
DA:210,0
DA:211,0
DA:212,0
DA:213,0
DA:214,0
DA:219,0
DA:220,0
DA:221,0
DA:222,0
DA:223,0
DA:224,0
DA:226,0
DA:227,0
DA:229,0
DA:231,0
DA:232,0
DA:237,0
DA:238,0
DA:239,0
DA:240,0
DA:241,0
DA:242,0
DA:243,0
DA:248,0
DA:249,0
DA:250,0
DA:251,0
DA:252,0
DA:253,0
DA:254,0
DA:255,0
DA:261,0
DA:266,0
DA:271,2
DA:272,2
DA:277,3
DA:282,3
DA:287,3
DA:292,3
DA:297,3
DA:298,3
DA:299,3
DA:300,3
DA:301,3
DA:302,3
DA:303,3
DA:304,3
DA:309,0
DA:310,0
DA:311,0
DA:313,0
DA:318,0
DA:319,0
DA:320,0
DA:321,0
DA:322,0
DA:323,0
DA:326,0
DA:327,0
DA:331,0
DA:343,1
DA:354,0
DA:355,0
DA:359,0
DA:364,0
DA:365,0
DA:370,0
DA:371,0
DA:372,0
DA:373,0
DA:377,0
DA:378,0
DA:379,0
DA:380,0
DA:381,0
DA:382,0
DA:383,0
DA:387,0
DA:388,0
DA:389,0
DA:390,0
DA:391,0
DA:392,0
DA:396,0
DA:400,0
DA:404,1
DA:405,1
DA:413,1
DA:414,1
DA:415,1
DA:416,1
DA:418,0
DA:419,0
DA:421,0
DA:422,0
DA:423,0
DA:432,0
DA:441,3
DA:445,0
DA:446,0
DA:448,0
LF:151
LH:43
BRDA:140,1,0,1
BRDA:140,1,1,0
BRDA:144,2,0,1
BRDA:144,2,1,0
BRDA:183,3,0,0
BRDA:183,3,1,0
BRDA:222,4,0,0
BRDA:222,4,1,0
BRDA:226,5,0,0
BRDA:226,5,1,0
BRDA:237,6,0,0
BRDA:237,6,1,0
BRDA:248,7,0,0
BRDA:248,7,1,0
BRDA:321,8,0,0
BRDA:321,8,1,0
BRDA:354,9,0,0
BRDA:354,9,1,0
BRDA:414,10,0,1
BRDA:414,10,1,0
BRDA:417,11,0,0
BRDA:417,11,1,0
BRDA:445,12,0,0
BRDA:445,12,1,0
BRF:24
BRH:3
end_of_record
TN:
SF:/Users/ryan/Desktop/programming/NFTMemeMachine/polygon-nfts/contracts/ERC2981ContractWideRoyalties.sol
FN:15,supportsInterface
FN:28,_setRoyalties
FN:35,royaltyInfo
FNF:3
FNH:2
FNDA:0,supportsInterface
FNDA:46,_setRoyalties
FNDA:2,royaltyInfo
DA:22,0
DA:29,46
DA:30,46
DA:31,46
DA:41,2
LF:5
LH:4
BRDA:29,1,0,46
BRDA:29,1,1,0
BRF:2
BRH:1
end_of_record
TN:
SF:/Users/ryan/Desktop/programming/NFTMemeMachine/polygon-nfts/contracts/IERC2981Royalties.sol
FNF:0
FNH:0
LF:0
LH:0
BRF:0
BRH:0
end_of_record
TN:
SF:/Users/ryan/Desktop/programming/NFTMemeMachine/polygon-nfts/contracts/IERC721TokenReceiver.sol
FNF:0
FNH:0
LF:0
LH:0
BRF:0
BRH:0
end_of_record
TN:
SF:/Users/ryan/Desktop/programming/NFTMemeMachine/polygon-nfts/contracts/TreeFiddy.sol
FN:14,constructor
FN:17,initialize
FN:24,mint
FN:29,transferDankMinter
FN:34,burnFromDankMinter
FNF:5
FNH:5
FNDA:3,constructor
FNDA:45,initialize
FNDA:13,mint
FNDA:1,transferDankMinter
FNDA:6,burnFromDankMinter
DA:18,45
DA:19,45
DA:20,45
DA:21,45
DA:25,13
DA:26,13
DA:30,1
DA:31,1
DA:35,6
DA:36,6
LF:10
LH:10
BRDA:25,1,0,13
BRDA:25,1,1,0
BRDA:30,2,0,1
BRDA:30,2,1,0
BRDA:35,3,0,6
BRDA:35,3,1,0
BRF:6
BRH:3
end_of_record
