TN:
SF:/Users/ryan/Desktop/programming/NFTMemeMachine/polygon-nfts/contracts/ERC2981ContractWideRoyalties.sol
FN:15,supportsInterface
FN:28,_setRoyalties
FN:35,royaltyInfo
FNF:3
FNH:2
FNDA:0,supportsInterface
FNDA:46,_setRoyalties
FNDA:2,royaltyInfo
DA:22,0
DA:29,46
DA:30,46
DA:31,46
DA:41,2
LF:5
LH:4
BRDA:29,1,0,46
BRDA:29,1,1,0
BRF:2
BRH:1
end_of_record
TN:
SF:/Users/ryan/Desktop/programming/NFTMemeMachine/polygon-nfts/contracts/IERC2981Royalties.sol
FNF:0
FNH:0
LF:0
LH:0
BRF:0
BRH:0
end_of_record
TN:
SF:/Users/ryan/Desktop/programming/NFTMemeMachine/polygon-nfts/contracts/NFTMemeMachine.sol
FN:46,updateCreationCooldownTime
FN:52,updateVotingCooldownTime
FN:58,_hashContent
FN:67,addWhitelistedMemeURI
FN:72,isOriginalMeme
FN:79,verifyOriginalImage
FN:84,createMeme
FN:119,voteOnMeme
FN:130,withdraw
FN:136,updateRoyalties
FN:142,getCreationCooldownTime
FN:147,getVoteCooldownTime
FN:152,getCooldownTime
FN:157,getMemeWithHash
FN:163,getMemeWithImageHash
FN:169,getMemeHash
FN:174,getMemeImgHash
FN:179,getMemeScore
FN:184,getMeme
FN:192,customInitialize
FN:199,initialize
FN:208,pause
FN:212,unpause
FN:216,safeMint
FN:223,_beforeTokenTransfer
FN:231,_burn
FN:238,tokenURI
FN:247,supportsInterface
FNF:28
FNH:21
FNDA:4,updateCreationCooldownTime
FNDA:1,updateVotingCooldownTime
FNDA:31,_hashContent
FNDA:14,addWhitelistedMemeURI
FNDA:2,isOriginalMeme
FNDA:2,verifyOriginalImage
FNDA:16,createMeme
FNDA:6,voteOnMeme
FNDA:0,withdraw
FNDA:1,updateRoyalties
FNDA:1,getCreationCooldownTime
FNDA:0,getVoteCooldownTime
FNDA:0,getCooldownTime
FNDA:1,getMemeWithHash
FNDA:1,getMemeWithImageHash
FNDA:5,getMemeHash
FNDA:5,getMemeImgHash
FNDA:5,getMemeScore
FNDA:5,getMeme
FNDA:45,customInitialize
FNDA:45,initialize
FNDA:0,pause
FNDA:0,unpause
FNDA:11,safeMint
FNDA:11,_beforeTokenTransfer
FNDA:0,_burn
FNDA:7,tokenURI
FNDA:0,supportsInterface
DA:47,4
DA:48,4
DA:53,1
DA:54,1
DA:59,31
DA:60,31
DA:61,58
DA:63,31
DA:68,14
DA:73,2
DA:74,2
DA:80,2
DA:86,16
DA:88,15
DA:90,15
DA:92,14
DA:94,12
DA:95,11
DA:97,11
DA:99,11
DA:101,11
DA:103,11
DA:105,11
DA:107,11
DA:109,11
DA:111,11
DA:113,11
DA:115,11
DA:120,6
DA:121,5
DA:122,4
DA:124,1
DA:126,5
DA:131,0
DA:132,0
DA:137,1
DA:143,1
DA:148,0
DA:153,0
DA:158,1
DA:159,1
DA:164,1
DA:165,1
DA:170,5
DA:175,5
DA:180,5
DA:185,5
DA:186,5
DA:187,5
DA:188,5
DA:189,5
DA:193,45
DA:194,45
DA:195,45
DA:196,45
DA:200,45
DA:201,45
DA:202,45
DA:203,45
DA:204,45
DA:205,45
DA:209,0
DA:213,0
DA:217,11
DA:218,11
DA:226,11
DA:235,0
DA:244,7
DA:248,0
LF:69
LH:61
BRDA:86,1,0,15
BRDA:86,1,1,1
BRDA:90,2,0,14
BRDA:90,2,1,1
BRDA:92,3,0,12
BRDA:92,3,1,2
BRDA:94,4,0,11
BRDA:94,4,1,1
BRDA:120,5,0,5
BRDA:120,5,1,1
BRDA:121,6,0,4
BRDA:121,6,1,1
BRF:12
BRH:12
end_of_record
